This is pdfTeX, Version 3.14159265-2.6-1.40.20 (MiKTeX 2.9.7000 64-bit) (preloaded format=pdflatex 2019.4.29)  1 SEP 2019 03:36
entering extended mode
**"./Bachelor Thesis - Mikael.tex"
("Bachelor Thesis - Mikael.tex"
LaTeX2e <2018-12-01>
(seal_thesis.cls
Document Class: seal_thesis 2011/09/16 v3.0e seal LaTeX thesis class
("C:\Users\Mikael\AppData\Local\Programs\MiKTeX 2.9\tex/latex/base\book.cls"
Document Class: book 2018/09/03 v1.4i Standard LaTeX document class
("C:\Users\Mikael\AppData\Local\Programs\MiKTeX 2.9\tex/latex/base\fleqn.clo"
File: fleqn.clo 2016/12/29 v1.2b Standard LaTeX option (flush left equations)
\mathindent=\dimen102
Applying: [2015/01/01] Make \[ robust on input line 50.
LaTeX Info: Redefining \[ on input line 51.
Already applied: [0000/00/00] Make \[ robust on input line 62.
Applying: [2015/01/01] Make \] robust on input line 74.
LaTeX Info: Redefining \] on input line 75.
Already applied: [0000/00/00] Make \] robust on input line 83.
)
("C:\Users\Mikael\AppData\Local\Programs\MiKTeX 2.9\tex/latex/base\bk10.clo"
File: bk10.clo 2018/09/03 v1.4i Standard LaTeX file (size option)
)
\c@part=\count80
\c@chapter=\count81
\c@section=\count82
\c@subsection=\count83
\c@subsubsection=\count84
\c@paragraph=\count85
\c@subparagraph=\count86
\c@figure=\count87
\c@table=\count88
\abovecaptionskip=\skip41
\belowcaptionskip=\skip42
\bibindent=\dimen103
)
(seal.sty
Package: seal 2011/09/16 v2.0 seal styles

("C:\Users\Mikael\AppData\Local\Programs\MiKTeX 2.9\tex/generic/babel\babel.sty
"
Package: babel 2019/04/22 3.30 The Babel package

("C:\Users\Mikael\AppData\Local\Programs\MiKTeX 2.9\tex/generic/babel\switch.de
f"
File: switch.def 2019/04/22 3.30 Babel switching mechanism
)
*************************************
* Local config file bblopts.cfg used
*
("C:\Users\Mikael\AppData\Local\Programs\MiKTeX 2.9\tex/latex/arabi\bblopts.cfg
"
File: bblopts.cfg 2005/09/08 v0.1 add Arabic and Farsi to "declared" options of
 babel
)
("C:\Users\Mikael\AppData\Local\Programs\MiKTeX 2.9\tex/latex/babel-english\eng
lish.ldf"
Language: english 2017/06/06 v3.3r English support from the babel system

("C:\Users\Mikael\AppData\Local\Programs\MiKTeX 2.9\tex/generic/babel\babel.def
"
File: babel.def 2019/04/22 3.30 Babel common definitions
\babel@savecnt=\count89
\U@D=\dimen104

("C:\Users\Mikael\AppData\Local\Programs\MiKTeX 2.9\tex/generic/babel\txtbabel.
def")
\bbl@dirlevel=\count90
)
\l@canadian = a dialect from \language\l@american 
\l@australian = a dialect from \language\l@british 
\l@newzealand = a dialect from \language\l@british 
))
("C:\Users\Mikael\AppData\Local\Programs\MiKTeX 2.9\tex/latex/cite\cite.sty"
LaTeX Info: Redefining \cite on input line 302.
LaTeX Info: Redefining \nocite on input line 332.
Package: cite 2015/02/27  v 5.5
)
("C:\Users\Mikael\AppData\Local\Programs\MiKTeX 2.9\tex/latex/graphics\color.st
y"
Package: color 2016/07/10 v1.1e Standard LaTeX Color (DPC)

("C:\Users\Mikael\AppData\Local\Programs\MiKTeX 2.9\tex/latex/graphics-cfg\colo
r.cfg"
File: color.cfg 2016/01/02 v1.6 sample color configuration
)
Package color Info: Driver file: pdftex.def on input line 147.

("C:\Users\Mikael\AppData\Local\Programs\MiKTeX 2.9\tex/latex/graphics-def\pdft
ex.def"
File: pdftex.def 2018/01/08 v1.0l Graphics/color driver for pdftex
))
("C:\Users\Mikael\AppData\Local\Programs\MiKTeX 2.9\tex/latex/base\fontenc.sty"
Package: fontenc 2018/08/11 v2.0j Standard LaTeX package
("C:\Users\Mikael\AppData\Local\Programs\MiKTeX 2.9\tex/latex/base\t1enc.def"
File: t1enc.def 2018/08/11 v2.0j Standard LaTeX file
LaTeX Font Info:    Redeclaring font encoding T1 on input line 48.
))
("C:\Users\Mikael\AppData\Local\Programs\MiKTeX 2.9\tex/latex/graphics\graphicx
.sty"
Package: graphicx 2017/06/01 v1.1a Enhanced LaTeX Graphics (DPC,SPQR)

("C:\Users\Mikael\AppData\Local\Programs\MiKTeX 2.9\tex/latex/graphics\keyval.s
ty"
Package: keyval 2014/10/28 v1.15 key=value parser (DPC)
\KV@toks@=\toks14
)
("C:\Users\Mikael\AppData\Local\Programs\MiKTeX 2.9\tex/latex/graphics\graphics
.sty"
Package: graphics 2017/06/25 v1.2c Standard LaTeX Graphics (DPC,SPQR)

("C:\Users\Mikael\AppData\Local\Programs\MiKTeX 2.9\tex/latex/graphics\trig.sty
"
Package: trig 2016/01/03 v1.10 sin cos tan (DPC)
)
("C:\Users\Mikael\AppData\Local\Programs\MiKTeX 2.9\tex/latex/graphics-cfg\grap
hics.cfg"
File: graphics.cfg 2016/06/04 v1.11 sample graphics configuration
)
Package graphics Info: Driver file: pdftex.def on input line 99.
)
\Gin@req@height=\dimen105
\Gin@req@width=\dimen106
)
("C:\Users\Mikael\AppData\Local\Programs\MiKTeX 2.9\tex/latex/base\inputenc.sty
"
Package: inputenc 2018/08/11 v1.3c Input encoding file
\inpenc@prehook=\toks15
\inpenc@posthook=\toks16
)
("C:\Users\Mikael\AppData\Local\Programs\MiKTeX 2.9\tex/latex/listings\listings
.sty"
\lst@mode=\count91
\lst@gtempboxa=\box27
\lst@token=\toks17
\lst@length=\count92
\lst@currlwidth=\dimen107
\lst@column=\count93
\lst@pos=\count94
\lst@lostspace=\dimen108
\lst@width=\dimen109
\lst@newlines=\count95
\lst@lineno=\count96
\lst@maxwidth=\dimen110

("C:\Users\Mikael\AppData\Local\Programs\MiKTeX 2.9\tex/latex/listings\lstmisc.
sty"
File: lstmisc.sty 2019/02/27 1.8b (Carsten Heinz)
\c@lstnumber=\count97
\lst@skipnumbers=\count98
\lst@framebox=\box28
)
("C:\Users\Mikael\AppData\Local\Programs\MiKTeX 2.9\tex/latex/listings\listings
.cfg"
File: listings.cfg 2019/02/27 1.8b listings configuration
))
Package: listings 2019/02/27 1.8b (Carsten Heinz)

("C:\Users\Mikael\AppData\Local\Programs\MiKTeX 2.9\tex/latex/tools\xspace.sty"
Package: xspace 2014/10/28 v1.13 Space after command names (DPC,MH)
)
("C:\Users\Mikael\AppData\Local\Programs\MiKTeX 2.9\tex/latex/listings\lstlang1
.sty"
File: lstlang1.sty 2019/02/27 1.8b listings language file
))
("C:\Users\Mikael\AppData\Local\Programs\MiKTeX 2.9\tex/latex/fancyhdr\fancyhdr
.sty"
Package: fancyhdr 2019/01/31 v3.10 Extensive control of page headers and footer
s
\f@nch@headwidth=\skip43
\f@nch@O@elh=\skip44
\f@nch@O@erh=\skip45
\f@nch@O@olh=\skip46
\f@nch@O@orh=\skip47
\f@nch@O@elf=\skip48
\f@nch@O@erf=\skip49
\f@nch@O@olf=\skip50
\f@nch@O@orf=\skip51
)
\normaltopmargin=\skip52
)
("C:\Users\Mikael\AppData\Local\Programs\MiKTeX 2.9\tex/latex/caption\caption.s
ty"
Package: caption 2019/08/29 v3.3b Customizing captions (AR)

("C:\Users\Mikael\AppData\Local\Programs\MiKTeX 2.9\tex/latex/caption\caption3.
sty"
Package: caption3 2018/09/12 v1.8c caption3 kernel (AR)
Package caption3 Info: TeX engine: e-TeX on input line 64.
\captionmargin=\dimen111
\captionmargin@=\dimen112
\captionwidth=\dimen113
\caption@tempdima=\dimen114
\caption@indent=\dimen115
\caption@parindent=\dimen116
\caption@hangindent=\dimen117
Package caption Info: Unknown document class (or package),
(caption)             standard defaults will be used.
)

Package caption Warning: Unsupported document class (or package) detected,
(caption)                usage of the caption package is not recommended.
See the caption package documentation for explanation.

Package caption Info: \@makecaption = \long macro:#1#2->\vskip \abovecaptionski
p \sbox \@tempboxa {{\phvbold {\small #1}}: \sffamily {\small #2}}\ifdim \wd \@
tempboxa >\hsize {\phvbold {\small #1}}: {\sffamily {\small #2}}\par \else \glo
bal \@minipagefalse \hb@xt@ \hsize {\box \@tempboxa \hfil }\fi \vskip \belowcap
tionskip .
\c@caption@flags=\count99
\c@ContinuedFloat=\count100
Package caption Info: listings package is loaded.
)
("C:\Users\Mikael\AppData\Local\Programs\MiKTeX 2.9\tex/latex/caption\subcaptio
n.sty"
Package: subcaption 2018/05/13 v1.2 Sub-captions (AR)
\c@subfigure=\count101
\c@subtable=\count102
)
("C:\Users\Mikael\AppData\Local\Programs\MiKTeX 2.9\tex/latex/float\float.sty"
Package: float 2001/11/08 v1.3d Float enhancements (AL)
\c@float@type=\count103
\float@exts=\toks18
\float@box=\box29
\@float@everytoks=\toks19
\@floatcapt=\box30
) ("Bachelor Thesis - Mikael.aux")
\openout1 = `"Bachelor Thesis - Mikael.aux"'.

LaTeX Font Info:    Checking defaults for OML/cmm/m/it on input line 21.
LaTeX Font Info:    ... okay on input line 21.
LaTeX Font Info:    Checking defaults for T1/cmr/m/n on input line 21.
LaTeX Font Info:    ... okay on input line 21.
LaTeX Font Info:    Checking defaults for OT1/cmr/m/n on input line 21.
LaTeX Font Info:    ... okay on input line 21.
LaTeX Font Info:    Checking defaults for OMS/cmsy/m/n on input line 21.
LaTeX Font Info:    ... okay on input line 21.
LaTeX Font Info:    Checking defaults for OMX/cmex/m/n on input line 21.
LaTeX Font Info:    ... okay on input line 21.
LaTeX Font Info:    Checking defaults for U/cmr/m/n on input line 21.
LaTeX Font Info:    ... okay on input line 21.
LaTeX Font Info:    Try loading font information for T1+ppl on input line 21.

("C:\Users\Mikael\AppData\Local\Programs\MiKTeX 2.9\tex/latex/psnfss\t1ppl.fd"
File: t1ppl.fd 2001/06/04 font definitions for T1/ppl.
)
("C:\Users\Mikael\AppData\Local\Programs\MiKTeX 2.9\tex/context/base/mkii\supp-
pdf.mkii"
[Loading MPS to PDF converter (version 2006.09.02).]
\scratchcounter=\count104
\scratchdimen=\dimen118
\scratchbox=\box31
\nofMPsegments=\count105
\nofMParguments=\count106
\everyMPshowfont=\toks20
\MPscratchCnt=\count107
\MPscratchDim=\dimen119
\MPnumerator=\count108
\makeMPintoPDFobject=\count109
\everyMPtoPDFconversion=\toks21
)
("C:\Users\Mikael\AppData\Local\Programs\MiKTeX 2.9\tex/latex/oberdiek\epstopdf
-base.sty"
Package: epstopdf-base 2016/05/15 v2.6 Base part for package epstopdf

("C:\Users\Mikael\AppData\Local\Programs\MiKTeX 2.9\tex/generic/oberdiek\infwar
err.sty"
Package: infwarerr 2016/05/16 v1.4 Providing info/warning/error messages (HO)
)
("C:\Users\Mikael\AppData\Local\Programs\MiKTeX 2.9\tex/latex/oberdiek\grfext.s
ty"
Package: grfext 2016/05/16 v1.2 Manage graphics extensions (HO)

("C:\Users\Mikael\AppData\Local\Programs\MiKTeX 2.9\tex/generic/oberdiek\kvdefi
nekeys.sty"
Package: kvdefinekeys 2016/05/16 v1.4 Define keys (HO)

("C:\Users\Mikael\AppData\Local\Programs\MiKTeX 2.9\tex/generic/oberdiek\ltxcmd
s.sty"
Package: ltxcmds 2016/05/16 v1.23 LaTeX kernel commands for general use (HO)
)))
("C:\Users\Mikael\AppData\Local\Programs\MiKTeX 2.9\tex/latex/oberdiek\kvoption
s.sty"
Package: kvoptions 2016/05/16 v3.12 Key value format for package options (HO)

("C:\Users\Mikael\AppData\Local\Programs\MiKTeX 2.9\tex/generic/oberdiek\kvsetk
eys.sty"
Package: kvsetkeys 2016/05/16 v1.17 Key value parser (HO)

("C:\Users\Mikael\AppData\Local\Programs\MiKTeX 2.9\tex/generic/oberdiek\etexcm
ds.sty"
Package: etexcmds 2016/05/16 v1.6 Avoid name clashes with e-TeX commands (HO)

("C:\Users\Mikael\AppData\Local\Programs\MiKTeX 2.9\tex/generic/oberdiek\ifluat
ex.sty"
Package: ifluatex 2016/05/16 v1.4 Provides the ifluatex switch (HO)
Package ifluatex Info: LuaTeX not detected.
))))
("C:\Users\Mikael\AppData\Local\Programs\MiKTeX 2.9\tex/generic/oberdiek\pdftex
cmds.sty"
Package: pdftexcmds 2018/09/10 v0.29 Utility functions of pdfTeX for LuaTeX (HO
)

("C:\Users\Mikael\AppData\Local\Programs\MiKTeX 2.9\tex/generic/oberdiek\ifpdf.
sty"
Package: ifpdf 2018/09/07 v3.3 Provides the ifpdf switch
)
Package pdftexcmds Info: LuaTeX not detected.
Package pdftexcmds Info: \pdf@primitive is available.
Package pdftexcmds Info: \pdf@ifprimitive is available.
Package pdftexcmds Info: \pdfdraftmode found.
)
Package epstopdf-base Info: Redefining graphics rule for `.eps' on input line 4
38.
Package grfext Info: Graphics extension search list:
(grfext)             [.pdf,.png,.jpg,.mps,.jpeg,.jbig2,.jb2,.PDF,.PNG,.JPG,.JPE
G,.JBIG2,.JB2,.eps]
(grfext)             \AppendGraphicsExtensions on input line 456.
)
\c@lstlisting=\count110
Package caption Info: Begin \AtBeginDocument code.
Package caption Info: float package is loaded.
Package caption Info: End \AtBeginDocument code.
LaTeX Font Info:    Try loading font information for T1+phv on input line 22.

("C:\Users\Mikael\AppData\Local\Programs\MiKTeX 2.9\tex/latex/psnfss\t1phv.fd"
File: t1phv.fd 2001/06/04 scalable font definitions for T1/phv.
)
LaTeX Font Info:    Font shape `T1/phv/bx/n' in size <40> not available
(Font)              Font shape `T1/phv/b/n' tried instead on input line 22.
LaTeX Font Info:    Font shape `T1/phv/bx/n' in size <20> not available
(Font)              Font shape `T1/phv/b/n' tried instead on input line 22.
LaTeX Font Info:    Font shape `T1/phv/bx/n' in size <10> not available
(Font)              Font shape `T1/phv/b/n' tried instead on input line 22.
<logo_uzh.pdf, id=1, 154.5775pt x 49.18375pt>
File: logo_uzh.pdf Graphic file (type pdf)
<use logo_uzh.pdf>
Package pdftex.def Info: logo_uzh.pdf  used on input line 22.
(pdftex.def)             Requested size: 128.0374pt x 40.74292pt.
<seal_bw.pdf, id=2, 161.60374pt x 67.25125pt>
File: seal_bw.pdf Graphic file (type pdf)
<use seal_bw.pdf>
Package pdftex.def Info: seal_bw.pdf  used on input line 22.
(pdftex.def)             Requested size: 99.58464pt x 41.44186pt.
[1

{C:/Users/Mikael/AppData/Local/MiKTeX/2.9/pdftex/config/pdftex.map} <./logo_uzh
.pdf> <./seal_bw.pdf>] [2


]
File: logo_uzh.pdf Graphic file (type pdf)
<use logo_uzh.pdf>
Package pdftex.def Info: logo_uzh.pdf  used on input line 22.
(pdftex.def)             Requested size: 128.0374pt x 40.74292pt.
File: seal_bw.pdf Graphic file (type pdf)
<use seal_bw.pdf>
Package pdftex.def Info: seal_bw.pdf  used on input line 22.
(pdftex.def)             Requested size: 99.58464pt x 41.44186pt.
 [3]
LaTeX Font Info:    External font `cmex10' loaded for size
(Font)              <7> on input line 22.
LaTeX Font Info:    External font `cmex10' loaded for size
(Font)              <5> on input line 22.
LaTeX Font Info:    Font shape `T1/ppl/bx/n' in size <10> not available
(Font)              Font shape `T1/ppl/b/n' tried instead on input line 22.
 [4

]
LaTeX Font Info:    Font shape `T1/phv/bx/n' in size <32> not available
(Font)              Font shape `T1/phv/b/n' tried instead on input line 26.
 [1



] [2


] [3] [4


] [5] [6


]
("Bachelor Thesis - Mikael.toc" [7])
\tf@toc=\write3
\openout3 = `"Bachelor Thesis - Mikael.toc"'.

LaTeX Font Info:    Font shape `T1/phv/bx/n' in size <9> not available
(Font)              Font shape `T1/phv/b/n' tried instead on input line 39.
 [8]
LaTeX Font Info:    Font shape `T1/phv/bx/n' in size <17.28> not available
(Font)              Font shape `T1/phv/b/n' tried instead on input line 39.
 ("Bachelor Thesis - Mikael.lof")
\tf@lof=\write4
\openout4 = `"Bachelor Thesis - Mikael.lof"'.


("Bachelor Thesis - Mikael.lot")
\tf@lot=\write5
\openout5 = `"Bachelor Thesis - Mikael.lot"'.

 ("Bachelor Thesis - Mikael.lol")
\tf@lol=\write6
\openout6 = `"Bachelor Thesis - Mikael.lol"'.

 [9] [10

]
Chapter 1.
LaTeX Font Info:    Font shape `T1/phv/bx/n' in size <18> not available
(Font)              Font shape `T1/phv/b/n' tried instead on input line 45.
LaTeX Font Info:    Font shape `T1/phv/bx/n' in size <28> not available
(Font)              Font shape `T1/phv/b/n' tried instead on input line 45.

Underfull \hbox (badness 10000) in paragraph at lines 48--63

 []


Underfull \hbox (badness 10000) in paragraph at lines 48--63

 []


Underfull \hbox (badness 10000) in paragraph at lines 48--63

 []


Underfull \hbox (badness 10000) in paragraph at lines 48--63

 []


Underfull \hbox (badness 10000) in paragraph at lines 48--63

 []


Underfull \hbox (badness 10000) in paragraph at lines 48--63

 []


Underfull \hbox (badness 10000) in paragraph at lines 48--63

 []

[1


]
Underfull \hbox (badness 10000) in paragraph at lines 68--75

 []


Underfull \hbox (badness 10000) in paragraph at lines 68--75

 []


Underfull \hbox (badness 10000) in paragraph at lines 68--75

 []

[2]
Chapter 2.
LaTeX Font Info:    Font shape `T1/phv/bx/n' in size <14.4> not available
(Font)              Font shape `T1/phv/b/n' tried instead on input line 83.
LaTeX Font Info:    Font shape `T1/ppl/bx/it' in size <10> not available
(Font)              Font shape `T1/ppl/b/it' tried instead on input line 89.

Underfull \hbox (badness 10000) in paragraph at lines 85--90

 []


Underfull \hbox (badness 10000) in paragraph at lines 85--90

 []


Underfull \hbox (badness 10000) in paragraph at lines 85--90

 []

[3


]
<JMHBenchmark.png, id=84, 1018.55531pt x 554.07pt>
File: JMHBenchmark.png Graphic file (type png)
<use JMHBenchmark.png>
Package pdftex.def Info: JMHBenchmark.png  used on input line 94.
(pdftex.def)             Requested size: 426.79134pt x 232.16673pt.

Underfull \hbox (badness 10000) in paragraph at lines 104--109

 []


Underfull \hbox (badness 10000) in paragraph at lines 104--109

 []

[4 <./JMHBenchmark.png>]
<10percentvariance.png, id=91, 462.528pt x 346.896pt>
File: 10percentvariance.png Graphic file (type png)
<use 10percentvariance.png>
Package pdftex.def Info: 10percentvariance.png  used on input line 114.
(pdftex.def)             Requested size: 213.39566pt x 160.05048pt.
<60percentvariance.png, id=92, 462.528pt x 346.896pt>
File: 60percentvariance.png Graphic file (type png)
<use 60percentvariance.png>
Package pdftex.def Info: 60percentvariance.png  used on input line 120.
(pdftex.def)             Requested size: 213.39566pt x 160.05048pt.

Underfull \hbox (badness 10000) in paragraph at lines 128--137

 []


Underfull \hbox (badness 10000) in paragraph at lines 128--137

 []


Underfull \hbox (badness 10000) in paragraph at lines 128--137

 []


Underfull \hbox (badness 10000) in paragraph at lines 128--137

 []


Underfull \vbox (badness 10000) has occurred while \output is active []

 [5 <./10percentvariance.png> <./60percentvariance.png>]
Underfull \vbox (badness 10000) has occurred while \output is active []

 [6]
Underfull \hbox (badness 10000) in paragraph at lines 141--144

 []


("C:\Users\Mikael\AppData\Local\Programs\MiKTeX 2.9\tex/latex/listings\lstlang1
.sty"
File: lstlang1.sty 2019/02/27 1.8b listings language file
)
("C:\Users\Mikael\AppData\Local\Programs\MiKTeX 2.9\tex/latex/listings\lstlang2
.sty"
File: lstlang2.sty 2019/02/27 1.8b listings language file
)
("C:\Users\Mikael\AppData\Local\Programs\MiKTeX 2.9\tex/latex/listings\lstlang3
.sty"
File: lstlang3.sty 2019/02/27 1.8b listings language file
)
LaTeX Font Info:    Try loading font information for T1+pcr on input line 146.

("C:\Users\Mikael\AppData\Local\Programs\MiKTeX 2.9\tex/latex/psnfss\t1pcr.fd"
File: t1pcr.fd 2001/06/04 font definitions for T1/pcr.
)
LaTeX Font Info:    Font shape `T1/pcr/bx/n' in size <9> not available
(Font)              Font shape `T1/pcr/b/n' tried instead on input line 147.
[7]
Underfull \hbox (badness 10000) in paragraph at lines 203--210

 []


Underfull \hbox (badness 10000) in paragraph at lines 203--210

 []

[8]
Chapter 3.

Underfull \hbox (badness 10000) in paragraph at lines 217--222

 []


Underfull \hbox (badness 10000) in paragraph at lines 227--230

 []

[9


]
Underfull \hbox (badness 10000) in paragraph at lines 238--240

 []

[10] [11] [12


]
Chapter 4.

Overfull \hbox (16.24596pt too wide) in paragraph at lines 269--269
[]\T1/phv/b/n/17.28 Correlation be-tween vari-abil-i-ties and source code
 []


Underfull \hbox (badness 10000) in paragraph at lines 270--274

 []

[13] [14


]
Chapter 5.

Underfull \hbox (badness 10000) in paragraph at lines 280--282

 []

[15] [16


]
Chapter 6.
[17] [18


]
Appendix A.
[19] [20

] ("Bachelor Thesis - Mikael.bbl"
Underfull \hbox (badness 10000) in paragraph at lines 63--66
[]\T1/ppl/m/n/10 ``OpenJDK: Java mi-crobench-mark har-ness.'' https://openjdk.j
ava.net/projects/code-
 []

[21


]) [22] ("Bachelor Thesis - Mikael.aux") ) 
Here is how much of TeX's memory you used:
 5826 strings out of 492897
 86316 string characters out of 3123287
 349156 words of memory out of 3000000
 9614 multiletter control sequences out of 15000+200000
 60672 words of font info for 63 fonts, out of 3000000 for 9000
 1141 hyphenation exceptions out of 8191
 41i,12n,45p,2131b,1783s stack positions out of 5000i,500n,10000p,200000b,50000s
{C:/Users/Mikael/AppData/Local/Progra
ms/MiKTeX 2.9/fonts/enc/dvips/base/8r.enc}<C:/Users/Mikael/AppData/Local/Progra
ms/MiKTeX 2.9/fonts/type1/public/amsfonts/cm/cmsy5.pfb><C:/Users/Mikael/AppData
/Local/Programs/MiKTeX 2.9/fonts/type1/urw/courier/ucrb8a.pfb><C:/Users/Mikael/
AppData/Local/Programs/MiKTeX 2.9/fonts/type1/urw/courier/ucrr8a.pfb><C:/Users/
Mikael/AppData/Local/Programs/MiKTeX 2.9/fonts/type1/urw/helvetic/uhvb8a.pfb><C
:/Users/Mikael/AppData/Local/Programs/MiKTeX 2.9/fonts/type1/urw/helvetic/uhvr8
a.pfb><C:/Users/Mikael/AppData/Local/Programs/MiKTeX 2.9/fonts/type1/urw/palati
no/uplb8a.pfb><C:/Users/Mikael/AppData/Local/Programs/MiKTeX 2.9/fonts/type1/ur
w/palatino/uplbi8a.pfb><C:/Users/Mikael/AppData/Local/Programs/MiKTeX 2.9/fonts
/type1/urw/palatino/uplr8a.pfb><C:/Users/Mikael/AppData/Local/Programs/MiKTeX 2
.9/fonts/type1/urw/palatino/uplri8a.pfb>
Output written on "Bachelor Thesis - Mikael.pdf" (36 pages, 310635 bytes).
PDF statistics:
 185 PDF objects out of 1000 (max. 8388607)
 0 named destinations out of 1000 (max. 500000)
 26 words of extra memory for PDF output out of 10000 (max. 10000000)

