\BOOKMARK [0][-]{chapter.1}{Introduction}{}% 1
\BOOKMARK [0][-]{chapter.2}{Background and Related Work}{}% 2
\BOOKMARK [1][-]{section.2.1}{Background}{chapter.2}% 3
\BOOKMARK [2][-]{subsection.2.1.1}{Software microbenchmarks}{section.2.1}% 4
\BOOKMARK [2][-]{subsection.2.1.2}{Microbenchmark variability}{section.2.1}% 5
\BOOKMARK [2][-]{subsection.2.1.3}{Go}{section.2.1}% 6
\BOOKMARK [1][-]{section.2.2}{Related Work}{chapter.2}% 7
\BOOKMARK [0][-]{chapter.3}{Methodology}{}% 8
\BOOKMARK [1][-]{section.3.1}{Analyzing variabilities}{chapter.3}% 9
\BOOKMARK [2][-]{subsection.3.1.1}{Dataset}{section.3.1}% 10
\BOOKMARK [2][-]{subsection.3.1.2}{Metrics as the variability indicators}{section.3.1}% 11
\BOOKMARK [2][-]{subsection.3.1.3}{Benchmark Variabilities}{section.3.1}% 12
\BOOKMARK [1][-]{section.3.2}{Extracting source code features}{chapter.3}% 13
\BOOKMARK [2][-]{subsection.3.2.1}{Decision on source code properties}{section.3.2}% 14
\BOOKMARK [2][-]{subsection.3.2.2}{Downloading projects}{section.3.2}% 15
\BOOKMARK [2][-]{subsection.3.2.3}{Prophunt}{section.3.2}% 16
\BOOKMARK [2][-]{subsection.3.2.4}{Callgraph Analyzer}{section.3.2}% 17
\BOOKMARK [1][-]{section.3.3}{Finding correlations}{chapter.3}% 18
\BOOKMARK [2][-]{subsection.3.3.1}{Correlation analysis}{section.3.3}% 19
\BOOKMARK [1][-]{section.3.4}{Threats to the validity}{chapter.3}% 20
\BOOKMARK [2][-]{subsection.3.4.1}{Number of projects}{section.3.4}% 21
\BOOKMARK [2][-]{subsection.3.4.2}{Chosen properties}{section.3.4}% 22
\BOOKMARK [2][-]{subsection.3.4.3}{Analysis of the unknown}{section.3.4}% 23
\BOOKMARK [0][-]{chapter.4}{Results}{}% 24
\BOOKMARK [1][-]{section.4.1}{Variabilities of benchmarks}{chapter.4}% 25
\BOOKMARK [2][-]{subsection.4.1.1}{Variabilities in benchmark level}{section.4.1}% 26
\BOOKMARK [2][-]{subsection.4.1.2}{Variabilities in project level}{section.4.1}% 27
\BOOKMARK [1][-]{section.4.2}{Source code properties}{chapter.4}% 28
\BOOKMARK [1][-]{section.4.3}{Correlation between variabilities and source code properties}{chapter.4}% 29
\BOOKMARK [0][-]{chapter.5}{Discussion}{}% 30
\BOOKMARK [1][-]{section.5.1}{Chosen properties}{chapter.5}% 31
\BOOKMARK [1][-]{section.5.2}{Static analysis}{chapter.5}% 32
\BOOKMARK [1][-]{section.5.3}{Size of data set}{chapter.5}% 33
\BOOKMARK [1][-]{section.5.4}{Future Work}{chapter.5}% 34
\BOOKMARK [0][-]{chapter.6}{Conclusion}{}% 35
\BOOKMARK [0][-]{appendix.A}{First Append}{}% 36
\BOOKMARK [1][-]{section.A.1}{Not matching benchmarks}{appendix.A}% 37
